<?xml version="1.0" encoding="UTF-8"?>
<testsuite name="com.ll.Lv0.P120829.Tests" tests="5" skipped="0" failures="0" errors="0" timestamp="2023-02-23T04:44:26" hostname="yudong-giui-MacBookAir.local" time="0.025">
  <properties/>
  <testcase name="70도가 입력되었을 때의 결과는 1" classname="com.ll.Lv0.P120829.Tests" time="0.019"/>
  <testcase name="91도가 입력되었을 때의 결과는 3" classname="com.ll.Lv0.P120829.Tests" time="0.0"/>
  <testcase name="92도가 입력되었을 때의 결과는 3" classname="com.ll.Lv0.P120829.Tests" time="0.001"/>
  <testcase name="180도가 입력되었을 때의 결과는 4" classname="com.ll.Lv0.P120829.Tests" time="0.001"/>
  <testcase name="90도가 입력되었을 때의 결과는 2" classname="com.ll.Lv0.P120829.Tests" time="0.0"/>
  <system-out><![CDATA[]]></system-out>
  <system-err><![CDATA[]]></system-err>
</testsuite>
