<?xml version="1.0" encoding="UTF-8"?>
<testsuite name="com.ll.Lv0.P120806.SolutionTests" tests="1" skipped="0" failures="0" errors="0" timestamp="2023-02-22T08:43:38" hostname="yudong-giui-MacBookAir.local" time="0.019">
  <properties/>
  <testcase name="t1" classname="com.ll.Lv0.P120806.SolutionTests" time="0.019"/>
  <system-out><![CDATA[]]></system-out>
  <system-err><![CDATA[]]></system-err>
</testsuite>
